0 info it worked if it ends with ok
1 verbose cli [ '/usr/local/Cellar/node/7.2.0/bin/node',
1 verbose cli   '/usr/local/bin/npm',
1 verbose cli   'run',
1 verbose cli   'start' ]
2 info using npm@3.10.9
3 info using node@v7.2.0
4 verbose run-script [ 'prestart', 'start', 'poststart' ]
5 info lifecycle simple-constitution@0.0.1~prestart: simple-constitution@0.0.1
6 silly lifecycle simple-constitution@0.0.1~prestart: no script for prestart, continuing
7 info lifecycle simple-constitution@0.0.1~start: simple-constitution@0.0.1
8 verbose lifecycle simple-constitution@0.0.1~start: unsafe-perm in lifecycle true
9 verbose lifecycle simple-constitution@0.0.1~start: PATH: /usr/local/lib/node_modules/npm/bin/node-gyp-bin:/Users/anthonygibson/AG/simple-constitution/node_modules/.bin:/usr/local/Cellar/node/7.2.0/bin:/Users/anthonygibson/.rvm/gems/ruby-2.4.0/bin:/Users/anthonygibson/.rvm/gems/ruby-2.4.0@global/bin:/Users/anthonygibson/.rvm/rubies/ruby-2.4.0/bin:/Users/anthonygibson/.rvm/bin:/usr/local/bin:/usr/bin:/bin:/usr/sbin:/sbin
10 verbose lifecycle simple-constitution@0.0.1~start: CWD: /Users/anthonygibson/AG/simple-constitution
11 silly lifecycle simple-constitution@0.0.1~start: Args: [ '-c',
11 silly lifecycle   'NODE_ENV=development ./node_modules/webpack/bin/webpack.js --watch -d --color' ]
12 verbose stack Error: write EPIPE
12 verbose stack     at exports._errnoException (util.js:1022:11)
12 verbose stack     at WriteWrap.afterWrite [as oncomplete] (net.js:804:14)
13 verbose cwd /Users/anthonygibson/AG/simple-constitution
14 error Darwin 16.6.0
15 error argv "/usr/local/Cellar/node/7.2.0/bin/node" "/usr/local/bin/npm" "run" "start"
16 error node v7.2.0
17 error npm  v3.10.9
18 error code EPIPE
19 error errno EPIPE
20 error syscall write
21 error write EPIPE
22 error If you need help, you may report this error at:
22 error     <https://github.com/npm/npm/issues>
23 verbose exit [ 1, true ]
